<?xml version="1.0" encoding="UTF-8"?>
<testsuite name="com.kio.my.MyApplicationTests" tests="1" skipped="0" failures="0" errors="0" timestamp="2023-12-23T06:17:25" hostname="DESKTOP-GR2UP1N" time="0.002">
  <properties/>
  <testcase name="contextLoads()" classname="com.kio.my.MyApplicationTests" time="0.002"/>
  <system-out><![CDATA[2023-12-23T15:17:25.599+09:00  INFO 4740 --- [    Test worker] t.c.s.AnnotationConfigContextLoaderUtils : Could not detect default configuration classes for test class [com.kio.my.MyApplicationTests]: MyApplicationTests does not declare any static, non-private, non-final, nested classes annotated with @Configuration.
2023-12-23T15:17:25.605+09:00  INFO 4740 --- [    Test worker] .b.t.c.SpringBootTestContextBootstrapper : Found @SpringBootConfiguration com.kio.my.MyApplication for test class com.kio.my.MyApplicationTests
]]></system-out>
  <system-err><![CDATA[]]></system-err>
</testsuite>
