<?xml version="1.0" encoding="UTF-8"?>
<testsuite name="com.kio.my.repository.MenuRepositoryTests" tests="1" skipped="0" failures="0" errors="0" timestamp="2023-12-24T09:27:26" hostname="DESKTOP-GR2UP1N" time="0.087">
  <properties/>
  <testcase name="testInsert()" classname="com.kio.my.repository.MenuRepositoryTests" time="0.087"/>
  <system-out><![CDATA[2023-12-24T18:27:26.397+09:00  INFO 7484 --- [    Test worker] t.c.s.AnnotationConfigContextLoaderUtils : Could not detect default configuration classes for test class [com.kio.my.repository.MenuRepositoryTests]: MenuRepositoryTests does not declare any static, non-private, non-final, nested classes annotated with @Configuration.
2023-12-24T18:27:26.406+09:00  INFO 7484 --- [    Test worker] .b.t.c.SpringBootTestContextBootstrapper : Found @SpringBootConfiguration com.kio.my.MyApplication for test class com.kio.my.repository.MenuRepositoryTests
Hibernate: 
    insert 
    into
        menu
        (mname, moddate, mtype, price, regdate) 
    values
        (?, ?, ?, ?, ?)
]]></system-out>
  <system-err><![CDATA[]]></system-err>
</testsuite>
