<?xml version="1.0" encoding="UTF-8"?>
<testsuite name="com.kio.my.MyApplicationTests" tests="1" skipped="0" failures="0" errors="0" timestamp="2023-12-24T09:27:25" hostname="DESKTOP-GR2UP1N" time="0.481">
  <properties/>
  <testcase name="contextLoads()" classname="com.kio.my.MyApplicationTests" time="0.481"/>
  <system-out><![CDATA[18:27:21.069 [Test worker] INFO org.springframework.test.context.support.AnnotationConfigContextLoaderUtils -- Could not detect default configuration classes for test class [com.kio.my.MyApplicationTests]: MyApplicationTests does not declare any static, non-private, non-final, nested classes annotated with @Configuration.
18:27:21.179 [Test worker] INFO org.springframework.boot.test.context.SpringBootTestContextBootstrapper -- Found @SpringBootConfiguration com.kio.my.MyApplication for test class com.kio.my.MyApplicationTests

  .   ____          _            __ _ _
 /\\ / ___'_ __ _ _(_)_ __  __ _ \ \ \ \
( ( )\___ | '_ | '_| | '_ \/ _` | \ \ \ \
 \\/  ___)| |_)| | | | | || (_| |  ) ) ) )
  '  |____| .__|_| |_|_| |_\__, | / / / /
 =========|_|==============|___/=/_/_/_/
 :: Spring Boot ::                (v3.2.0)

2023-12-24T18:27:21.594+09:00  INFO 7484 --- [    Test worker] com.kio.my.MyApplicationTests            : Starting MyApplicationTests using Java 19.0.2 with PID 7484 (started by 1 in C:\Users\1\Desktop\vvvv\v\my)
2023-12-24T18:27:21.604+09:00  INFO 7484 --- [    Test worker] com.kio.my.MyApplicationTests            : No active profile set, falling back to 1 default profile: "default"
2023-12-24T18:27:22.304+09:00  INFO 7484 --- [    Test worker] .s.d.r.c.RepositoryConfigurationDelegate : Bootstrapping Spring Data JPA repositories in DEFAULT mode.
2023-12-24T18:27:22.373+09:00  INFO 7484 --- [    Test worker] .s.d.r.c.RepositoryConfigurationDelegate : Finished Spring Data repository scanning in 60 ms. Found 2 JPA repository interfaces.
2023-12-24T18:27:22.903+09:00  INFO 7484 --- [    Test worker] o.hibernate.jpa.internal.util.LogHelper  : HHH000204: Processing PersistenceUnitInfo [name: default]
2023-12-24T18:27:22.978+09:00  INFO 7484 --- [    Test worker] org.hibernate.Version                    : HHH000412: Hibernate ORM core version 6.3.1.Final
2023-12-24T18:27:23.022+09:00  INFO 7484 --- [    Test worker] o.h.c.internal.RegionFactoryInitiator    : HHH000026: Second-level cache disabled
2023-12-24T18:27:23.312+09:00  INFO 7484 --- [    Test worker] o.s.o.j.p.SpringPersistenceUnitInfo      : No LoadTimeWeaver setup: ignoring JPA class transformer
2023-12-24T18:27:23.344+09:00  INFO 7484 --- [    Test worker] com.zaxxer.hikari.HikariDataSource       : HikariPool-1 - Starting...
2023-12-24T18:27:23.445+09:00  INFO 7484 --- [    Test worker] com.zaxxer.hikari.pool.HikariPool        : HikariPool-1 - Added connection org.mariadb.jdbc.Connection@16b64a03
2023-12-24T18:27:23.447+09:00  INFO 7484 --- [    Test worker] com.zaxxer.hikari.HikariDataSource       : HikariPool-1 - Start completed.
2023-12-24T18:27:24.401+09:00  INFO 7484 --- [    Test worker] o.h.e.t.j.p.i.JtaPlatformInitiator       : HHH000489: No JTA platform available (set 'hibernate.transaction.jta.platform' to enable JTA platform integration)
2023-12-24T18:27:24.452+09:00  INFO 7484 --- [    Test worker] j.LocalContainerEntityManagerFactoryBean : Initialized JPA EntityManagerFactory for persistence unit 'default'
2023-12-24T18:27:24.906+09:00  INFO 7484 --- [    Test worker] o.s.d.j.r.query.QueryEnhancerFactory     : Hibernate is in classpath; If applicable, HQL parser will be used.
2023-12-24T18:27:25.486+09:00  WARN 7484 --- [    Test worker] JpaBaseConfiguration$JpaWebConfiguration : spring.jpa.open-in-view is enabled by default. Therefore, database queries may be performed during view rendering. Explicitly configure spring.jpa.open-in-view to disable this warning
2023-12-24T18:27:25.892+09:00  INFO 7484 --- [    Test worker] com.kio.my.MyApplicationTests            : Started MyApplicationTests in 4.538 seconds (process running for 5.774)
]]></system-out>
  <system-err><![CDATA[]]></system-err>
</testsuite>
