<?xml version="1.0" encoding="UTF-8"?>
<testsuite name="com.kio.my.service.MenuServiceTests" tests="1" skipped="0" failures="0" errors="0" timestamp="2023-12-23T06:17:24" hostname="DESKTOP-GR2UP1N" time="0.603">
  <properties/>
  <testcase name="testRegister()" classname="com.kio.my.service.MenuServiceTests" time="0.603"/>
  <system-out><![CDATA[15:17:20.266 [Test worker] INFO org.springframework.test.context.support.AnnotationConfigContextLoaderUtils -- Could not detect default configuration classes for test class [com.kio.my.service.MenuServiceTests]: MenuServiceTests does not declare any static, non-private, non-final, nested classes annotated with @Configuration.
15:17:20.383 [Test worker] INFO org.springframework.boot.test.context.SpringBootTestContextBootstrapper -- Found @SpringBootConfiguration com.kio.my.MyApplication for test class com.kio.my.service.MenuServiceTests

  .   ____          _            __ _ _
 /\\ / ___'_ __ _ _(_)_ __  __ _ \ \ \ \
( ( )\___ | '_ | '_| | '_ \/ _` | \ \ \ \
 \\/  ___)| |_)| | | | | || (_| |  ) ) ) )
  '  |____| .__|_| |_|_| |_\__, | / / / /
 =========|_|==============|___/=/_/_/_/
 :: Spring Boot ::                (v3.2.0)

2023-12-23T15:17:20.842+09:00  INFO 4740 --- [    Test worker] com.kio.my.service.MenuServiceTests      : Starting MenuServiceTests using Java 19.0.2 with PID 4740 (started by 1 in C:\Users\1\Desktop\vvvv\v\my)
2023-12-23T15:17:20.844+09:00  INFO 4740 --- [    Test worker] com.kio.my.service.MenuServiceTests      : No active profile set, falling back to 1 default profile: "default"
2023-12-23T15:17:21.521+09:00  INFO 4740 --- [    Test worker] .s.d.r.c.RepositoryConfigurationDelegate : Bootstrapping Spring Data JPA repositories in DEFAULT mode.
2023-12-23T15:17:21.584+09:00  INFO 4740 --- [    Test worker] .s.d.r.c.RepositoryConfigurationDelegate : Finished Spring Data repository scanning in 54 ms. Found 2 JPA repository interfaces.
2023-12-23T15:17:22.060+09:00  INFO 4740 --- [    Test worker] o.hibernate.jpa.internal.util.LogHelper  : HHH000204: Processing PersistenceUnitInfo [name: default]
2023-12-23T15:17:22.133+09:00  INFO 4740 --- [    Test worker] org.hibernate.Version                    : HHH000412: Hibernate ORM core version 6.3.1.Final
2023-12-23T15:17:22.176+09:00  INFO 4740 --- [    Test worker] o.h.c.internal.RegionFactoryInitiator    : HHH000026: Second-level cache disabled
2023-12-23T15:17:22.453+09:00  INFO 4740 --- [    Test worker] o.s.o.j.p.SpringPersistenceUnitInfo      : No LoadTimeWeaver setup: ignoring JPA class transformer
2023-12-23T15:17:22.485+09:00  INFO 4740 --- [    Test worker] com.zaxxer.hikari.HikariDataSource       : HikariPool-1 - Starting...
2023-12-23T15:17:22.584+09:00  INFO 4740 --- [    Test worker] com.zaxxer.hikari.pool.HikariPool        : HikariPool-1 - Added connection org.mariadb.jdbc.Connection@2086d469
2023-12-23T15:17:22.586+09:00  INFO 4740 --- [    Test worker] com.zaxxer.hikari.HikariDataSource       : HikariPool-1 - Start completed.
2023-12-23T15:17:23.522+09:00  INFO 4740 --- [    Test worker] o.h.e.t.j.p.i.JtaPlatformInitiator       : HHH000489: No JTA platform available (set 'hibernate.transaction.jta.platform' to enable JTA platform integration)
2023-12-23T15:17:23.573+09:00  INFO 4740 --- [    Test worker] j.LocalContainerEntityManagerFactoryBean : Initialized JPA EntityManagerFactory for persistence unit 'default'
2023-12-23T15:17:23.978+09:00  INFO 4740 --- [    Test worker] o.s.d.j.r.query.QueryEnhancerFactory     : Hibernate is in classpath; If applicable, HQL parser will be used.
2023-12-23T15:17:24.559+09:00  WARN 4740 --- [    Test worker] JpaBaseConfiguration$JpaWebConfiguration : spring.jpa.open-in-view is enabled by default. Therefore, database queries may be performed during view rendering. Explicitly configure spring.jpa.open-in-view to disable this warning
2023-12-23T15:17:24.973+09:00  INFO 4740 --- [    Test worker] com.kio.my.service.MenuServiceTests      : Started MenuServiceTests in 4.369 seconds (process running for 5.635)
2023-12-23T15:17:25.469+09:00  INFO 4740 --- [    Test worker] com.kio.my.service.MenuServiceTests      : com.kio.my.service.MenuServiceImpl$$SpringCGLIB$$0
Hibernate: 
    insert 
    into
        menu
        (mname, moddate, mtype, price, regdate) 
    values
        (?, ?, ?, ?, ?)
2023-12-23T15:17:25.585+09:00  INFO 4740 --- [    Test worker] com.kio.my.service.MenuServiceTests      : mno: 3
]]></system-out>
  <system-err><![CDATA[]]></system-err>
</testsuite>
