<?xml version="1.0" encoding="UTF-8"?>
<testsuite name="com.kio.my.repository.OrderRepositoryTests" tests="1" skipped="0" failures="0" errors="0" timestamp="2023-12-15T02:46:11" hostname="DESKTOP-J8ILPCK" time="0.525">
  <properties/>
  <testcase name="testInsert()" classname="com.kio.my.repository.OrderRepositoryTests" time="0.525"/>
  <system-out><![CDATA[11:46:07.461 [Test worker] INFO org.springframework.test.context.support.AnnotationConfigContextLoaderUtils -- Could not detect default configuration classes for test class [com.kio.my.repository.OrderRepositoryTests]: OrderRepositoryTests does not declare any static, non-private, non-final, nested classes annotated with @Configuration.
11:46:07.542 [Test worker] INFO org.springframework.boot.test.context.SpringBootTestContextBootstrapper -- Found @SpringBootConfiguration com.kio.my.MyApplication for test class com.kio.my.repository.OrderRepositoryTests

  .   ____          _            __ _ _
 /\\ / ___'_ __ _ _(_)_ __  __ _ \ \ \ \
( ( )\___ | '_ | '_| | '_ \/ _` | \ \ \ \
 \\/  ___)| |_)| | | | | || (_| |  ) ) ) )
  '  |____| .__|_| |_|_| |_\__, | / / / /
 =========|_|==============|___/=/_/_/_/
 :: Spring Boot ::                (v3.2.0)

2023-12-15T11:46:07.882+09:00  INFO 8276 --- [    Test worker] c.k.my.repository.OrderRepositoryTests   : Starting OrderRepositoryTests using Java 21.0.1 with PID 8276 (started by 201-14 in C:\Users\201-14\IdeaProjects\my)
2023-12-15T11:46:07.883+09:00  INFO 8276 --- [    Test worker] c.k.my.repository.OrderRepositoryTests   : No active profile set, falling back to 1 default profile: "default"
2023-12-15T11:46:08.375+09:00  INFO 8276 --- [    Test worker] .s.d.r.c.RepositoryConfigurationDelegate : Bootstrapping Spring Data JPA repositories in DEFAULT mode.
2023-12-15T11:46:08.421+09:00  INFO 8276 --- [    Test worker] .s.d.r.c.RepositoryConfigurationDelegate : Finished Spring Data repository scanning in 39 ms. Found 2 JPA repository interfaces.
2023-12-15T11:46:08.785+09:00  INFO 8276 --- [    Test worker] o.hibernate.jpa.internal.util.LogHelper  : HHH000204: Processing PersistenceUnitInfo [name: default]
2023-12-15T11:46:08.834+09:00  INFO 8276 --- [    Test worker] org.hibernate.Version                    : HHH000412: Hibernate ORM core version 6.3.1.Final
2023-12-15T11:46:08.867+09:00  INFO 8276 --- [    Test worker] o.h.c.internal.RegionFactoryInitiator    : HHH000026: Second-level cache disabled
2023-12-15T11:46:09.071+09:00  INFO 8276 --- [    Test worker] o.s.o.j.p.SpringPersistenceUnitInfo      : No LoadTimeWeaver setup: ignoring JPA class transformer
2023-12-15T11:46:09.094+09:00  INFO 8276 --- [    Test worker] com.zaxxer.hikari.HikariDataSource       : HikariPool-1 - Starting...
2023-12-15T11:46:09.174+09:00  INFO 8276 --- [    Test worker] com.zaxxer.hikari.pool.HikariPool        : HikariPool-1 - Added connection org.mariadb.jdbc.Connection@a2df0d5
2023-12-15T11:46:09.176+09:00  INFO 8276 --- [    Test worker] com.zaxxer.hikari.HikariDataSource       : HikariPool-1 - Start completed.
2023-12-15T11:46:09.855+09:00  INFO 8276 --- [    Test worker] o.h.e.t.j.p.i.JtaPlatformInitiator       : HHH000489: No JTA platform available (set 'hibernate.transaction.jta.platform' to enable JTA platform integration)
2023-12-15T11:46:09.892+09:00  INFO 8276 --- [    Test worker] j.LocalContainerEntityManagerFactoryBean : Initialized JPA EntityManagerFactory for persistence unit 'default'
2023-12-15T11:46:10.238+09:00  INFO 8276 --- [    Test worker] o.s.d.j.r.query.QueryEnhancerFactory     : Hibernate is in classpath; If applicable, HQL parser will be used.
2023-12-15T11:46:10.709+09:00  WARN 8276 --- [    Test worker] JpaBaseConfiguration$JpaWebConfiguration : spring.jpa.open-in-view is enabled by default. Therefore, database queries may be performed during view rendering. Explicitly configure spring.jpa.open-in-view to disable this warning
2023-12-15T11:46:11.009+09:00  INFO 8276 --- [    Test worker] c.k.my.repository.OrderRepositoryTests   : Started OrderRepositoryTests in 3.306 seconds (process running for 4.229)
Hibernate: 
    insert 
    into
        ordered
        (content, moddate, regdate, total_price) 
    values
        (?, ?, ?, ?)
2023-12-15T11:46:11.505+09:00  INFO 8276 --- [    Test worker] c.k.my.repository.OrderRepositoryTests   : ONO: 1
Hibernate: 
    insert 
    into
        ordered
        (content, moddate, regdate, total_price) 
    values
        (?, ?, ?, ?)
2023-12-15T11:46:11.509+09:00  INFO 8276 --- [    Test worker] c.k.my.repository.OrderRepositoryTests   : ONO: 2
Hibernate: 
    insert 
    into
        ordered
        (content, moddate, regdate, total_price) 
    values
        (?, ?, ?, ?)
2023-12-15T11:46:11.512+09:00  INFO 8276 --- [    Test worker] c.k.my.repository.OrderRepositoryTests   : ONO: 3
Hibernate: 
    insert 
    into
        ordered
        (content, moddate, regdate, total_price) 
    values
        (?, ?, ?, ?)
2023-12-15T11:46:11.516+09:00  INFO 8276 --- [    Test worker] c.k.my.repository.OrderRepositoryTests   : ONO: 4
Hibernate: 
    insert 
    into
        ordered
        (content, moddate, regdate, total_price) 
    values
        (?, ?, ?, ?)
2023-12-15T11:46:11.519+09:00  INFO 8276 --- [    Test worker] c.k.my.repository.OrderRepositoryTests   : ONO: 5
Hibernate: 
    insert 
    into
        ordered
        (content, moddate, regdate, total_price) 
    values
        (?, ?, ?, ?)
2023-12-15T11:46:11.524+09:00  INFO 8276 --- [    Test worker] c.k.my.repository.OrderRepositoryTests   : ONO: 6
Hibernate: 
    insert 
    into
        ordered
        (content, moddate, regdate, total_price) 
    values
        (?, ?, ?, ?)
2023-12-15T11:46:11.527+09:00  INFO 8276 --- [    Test worker] c.k.my.repository.OrderRepositoryTests   : ONO: 7
Hibernate: 
    insert 
    into
        ordered
        (content, moddate, regdate, total_price) 
    values
        (?, ?, ?, ?)
2023-12-15T11:46:11.530+09:00  INFO 8276 --- [    Test worker] c.k.my.repository.OrderRepositoryTests   : ONO: 8
Hibernate: 
    insert 
    into
        ordered
        (content, moddate, regdate, total_price) 
    values
        (?, ?, ?, ?)
2023-12-15T11:46:11.534+09:00  INFO 8276 --- [    Test worker] c.k.my.repository.OrderRepositoryTests   : ONO: 9
Hibernate: 
    insert 
    into
        ordered
        (content, moddate, regdate, total_price) 
    values
        (?, ?, ?, ?)
2023-12-15T11:46:11.537+09:00  INFO 8276 --- [    Test worker] c.k.my.repository.OrderRepositoryTests   : ONO: 10
Hibernate: 
    insert 
    into
        ordered
        (content, moddate, regdate, total_price) 
    values
        (?, ?, ?, ?)
2023-12-15T11:46:11.540+09:00  INFO 8276 --- [    Test worker] c.k.my.repository.OrderRepositoryTests   : ONO: 11
]]></system-out>
  <system-err><![CDATA[WARNING: A Java agent has been loaded dynamically (C:\Users\201-14\.gradle\caches\modules-2\files-2.1\net.bytebuddy\byte-buddy-agent\1.14.10\90ed94ac044ea8953b224304c762316e91fd6b31\byte-buddy-agent-1.14.10.jar)
WARNING: If a serviceability tool is in use, please run with -XX:+EnableDynamicAgentLoading to hide this warning
WARNING: If a serviceability tool is not in use, please run with -Djdk.instrument.traceUsage for more information
WARNING: Dynamic loading of agents will be disallowed by default in a future release
]]></system-err>
</testsuite>
