<?xml version="1.0" encoding="UTF-8"?>
<testsuite name="com.kio.my.repository.OrderRepositoryTests" tests="1" skipped="0" failures="0" errors="0" timestamp="2023-12-25T07:50:28" hostname="DESKTOP-GR2UP1N" time="0.013">
  <properties/>
  <testcase name="testInsert()" classname="com.kio.my.repository.OrderRepositoryTests" time="0.013"/>
  <system-out><![CDATA[2023-12-25T16:50:28.377+09:00  INFO 3056 --- [    Test worker] t.c.s.AnnotationConfigContextLoaderUtils : Could not detect default configuration classes for test class [com.kio.my.repository.OrderRepositoryTests]: OrderRepositoryTests does not declare any static, non-private, non-final, nested classes annotated with @Configuration.
2023-12-25T16:50:28.378+09:00  INFO 3056 --- [    Test worker] .b.t.c.SpringBootTestContextBootstrapper : Found @SpringBootConfiguration com.kio.my.MyApplication for test class com.kio.my.repository.OrderRepositoryTests
Hibernate: 
    insert 
    into
        ordered
        (content, moddate, regdate, total_price) 
    values
        (?, ?, ?, ?)
2023-12-25T16:50:28.392+09:00  INFO 3056 --- [    Test worker] c.k.my.repository.OrderRepositoryTests   : ONO: 30
]]></system-out>
  <system-err><![CDATA[]]></system-err>
</testsuite>
