<?xml version="1.0" encoding="UTF-8"?>
<testsuite name="com.kio.my.MyApplicationTests" tests="1" skipped="0" failures="0" errors="0" timestamp="2023-12-25T07:50:27" hostname="DESKTOP-GR2UP1N" time="0.469">
  <properties/>
  <testcase name="contextLoads()" classname="com.kio.my.MyApplicationTests" time="0.469"/>
  <system-out><![CDATA[16:50:22.981 [Test worker] INFO org.springframework.test.context.support.AnnotationConfigContextLoaderUtils -- Could not detect default configuration classes for test class [com.kio.my.MyApplicationTests]: MyApplicationTests does not declare any static, non-private, non-final, nested classes annotated with @Configuration.
16:50:23.089 [Test worker] INFO org.springframework.boot.test.context.SpringBootTestContextBootstrapper -- Found @SpringBootConfiguration com.kio.my.MyApplication for test class com.kio.my.MyApplicationTests

  .   ____          _            __ _ _
 /\\ / ___'_ __ _ _(_)_ __  __ _ \ \ \ \
( ( )\___ | '_ | '_| | '_ \/ _` | \ \ \ \
 \\/  ___)| |_)| | | | | || (_| |  ) ) ) )
  '  |____| .__|_| |_|_| |_\__, | / / / /
 =========|_|==============|___/=/_/_/_/
 :: Spring Boot ::                (v3.2.0)

2023-12-25T16:50:23.501+09:00  INFO 3056 --- [    Test worker] com.kio.my.MyApplicationTests            : Starting MyApplicationTests using Java 19.0.2 with PID 3056 (started by 1 in C:\Users\1\Desktop\vvvv\v\my)
2023-12-25T16:50:23.502+09:00  INFO 3056 --- [    Test worker] com.kio.my.MyApplicationTests            : No active profile set, falling back to 1 default profile: "default"
2023-12-25T16:50:24.185+09:00  INFO 3056 --- [    Test worker] .s.d.r.c.RepositoryConfigurationDelegate : Bootstrapping Spring Data JPA repositories in DEFAULT mode.
2023-12-25T16:50:24.251+09:00  INFO 3056 --- [    Test worker] .s.d.r.c.RepositoryConfigurationDelegate : Finished Spring Data repository scanning in 57 ms. Found 2 JPA repository interfaces.
2023-12-25T16:50:24.770+09:00  INFO 3056 --- [    Test worker] o.hibernate.jpa.internal.util.LogHelper  : HHH000204: Processing PersistenceUnitInfo [name: default]
2023-12-25T16:50:24.853+09:00  INFO 3056 --- [    Test worker] org.hibernate.Version                    : HHH000412: Hibernate ORM core version 6.3.1.Final
2023-12-25T16:50:24.897+09:00  INFO 3056 --- [    Test worker] o.h.c.internal.RegionFactoryInitiator    : HHH000026: Second-level cache disabled
2023-12-25T16:50:25.216+09:00  INFO 3056 --- [    Test worker] o.s.o.j.p.SpringPersistenceUnitInfo      : No LoadTimeWeaver setup: ignoring JPA class transformer
2023-12-25T16:50:25.250+09:00  INFO 3056 --- [    Test worker] com.zaxxer.hikari.HikariDataSource       : HikariPool-1 - Starting...
2023-12-25T16:50:25.359+09:00  INFO 3056 --- [    Test worker] com.zaxxer.hikari.pool.HikariPool        : HikariPool-1 - Added connection org.mariadb.jdbc.Connection@4fe2dd02
2023-12-25T16:50:25.361+09:00  INFO 3056 --- [    Test worker] com.zaxxer.hikari.HikariDataSource       : HikariPool-1 - Start completed.
2023-12-25T16:50:26.325+09:00  INFO 3056 --- [    Test worker] o.h.e.t.j.p.i.JtaPlatformInitiator       : HHH000489: No JTA platform available (set 'hibernate.transaction.jta.platform' to enable JTA platform integration)
2023-12-25T16:50:26.373+09:00  INFO 3056 --- [    Test worker] j.LocalContainerEntityManagerFactoryBean : Initialized JPA EntityManagerFactory for persistence unit 'default'
2023-12-25T16:50:26.814+09:00  INFO 3056 --- [    Test worker] o.s.d.j.r.query.QueryEnhancerFactory     : Hibernate is in classpath; If applicable, HQL parser will be used.
2023-12-25T16:50:27.383+09:00  WARN 3056 --- [    Test worker] JpaBaseConfiguration$JpaWebConfiguration : spring.jpa.open-in-view is enabled by default. Therefore, database queries may be performed during view rendering. Explicitly configure spring.jpa.open-in-view to disable this warning
2023-12-25T16:50:27.786+09:00  INFO 3056 --- [    Test worker] com.kio.my.MyApplicationTests            : Started MyApplicationTests in 4.526 seconds (process running for 5.75)
]]></system-out>
  <system-err><![CDATA[]]></system-err>
</testsuite>
