<?xml version="1.0" encoding="UTF-8"?>
<testsuite name="com.kio.my.service.MenuServiceTests" tests="1" skipped="0" failures="0" errors="0" timestamp="2023-12-24T09:27:26" hostname="DESKTOP-GR2UP1N" time="0.033">
  <properties/>
  <testcase name="testRegister()" classname="com.kio.my.service.MenuServiceTests" time="0.033"/>
  <system-out><![CDATA[2023-12-24T18:27:26.517+09:00  INFO 7484 --- [    Test worker] t.c.s.AnnotationConfigContextLoaderUtils : Could not detect default configuration classes for test class [com.kio.my.service.MenuServiceTests]: MenuServiceTests does not declare any static, non-private, non-final, nested classes annotated with @Configuration.
2023-12-24T18:27:26.526+09:00  INFO 7484 --- [    Test worker] .b.t.c.SpringBootTestContextBootstrapper : Found @SpringBootConfiguration com.kio.my.MyApplication for test class com.kio.my.service.MenuServiceTests
2023-12-24T18:27:26.530+09:00  INFO 7484 --- [    Test worker] com.kio.my.service.MenuServiceTests      : com.kio.my.service.MenuServiceImpl$$SpringCGLIB$$0
Hibernate: 
    insert 
    into
        menu
        (mname, moddate, mtype, price, regdate) 
    values
        (?, ?, ?, ?, ?)
2023-12-24T18:27:26.560+09:00  INFO 7484 --- [    Test worker] com.kio.my.service.MenuServiceTests      : mno: 19
]]></system-out>
  <system-err><![CDATA[]]></system-err>
</testsuite>
