<?xml version="1.0" encoding="UTF-8"?>
<testsuite name="com.kio.my.service.MenuServiceTests" tests="1" skipped="0" failures="0" errors="0" timestamp="2023-12-25T07:50:28" hostname="DESKTOP-GR2UP1N" time="0.035">
  <properties/>
  <testcase name="testRegister()" classname="com.kio.my.service.MenuServiceTests" time="0.035"/>
  <system-out><![CDATA[2023-12-25T16:50:28.396+09:00  INFO 3056 --- [    Test worker] t.c.s.AnnotationConfigContextLoaderUtils : Could not detect default configuration classes for test class [com.kio.my.service.MenuServiceTests]: MenuServiceTests does not declare any static, non-private, non-final, nested classes annotated with @Configuration.
2023-12-25T16:50:28.405+09:00  INFO 3056 --- [    Test worker] .b.t.c.SpringBootTestContextBootstrapper : Found @SpringBootConfiguration com.kio.my.MyApplication for test class com.kio.my.service.MenuServiceTests
2023-12-25T16:50:28.409+09:00  INFO 3056 --- [    Test worker] com.kio.my.service.MenuServiceTests      : com.kio.my.service.MenuServiceImpl$$SpringCGLIB$$0
Hibernate: 
    insert 
    into
        menu
        (mname, moddate, mtype, price, regdate) 
    values
        (?, ?, ?, ?, ?)
2023-12-25T16:50:28.442+09:00  INFO 3056 --- [    Test worker] com.kio.my.service.MenuServiceTests      : mno: 26
]]></system-out>
  <system-err><![CDATA[]]></system-err>
</testsuite>
